<?xml version="1.0" encoding="UTF-8"?>
<!-- Generated by org.testng.reporters.JUnitXMLReporter -->
<testsuite ignored="0" hostname="DESKTOP-T1OGAO3" failures="4" tests="4" name="Test" time="0.8" errors="0" timestamp="19 Mar 2024 18:42:35 GMT">
  <testcase classname="testPackage.InvalidLoginTestCase" name="invalidLoginTC" time="0.766">
    <failure type="java.lang.NullPointerException" message="Cannot invoke &amp;quot;org.openqa.selenium.SearchContext.findElement(org.openqa.selenium.By)&amp;quot; because &amp;quot;this.searchContext&amp;quot; is null">
      <![CDATA[java.lang.NullPointerException: Cannot invoke "org.openqa.selenium.SearchContext.findElement(org.openqa.selenium.By)" because "this.searchContext" is null
at org.openqa.selenium.support.pagefactory.DefaultElementLocator.findElement(DefaultElementLocator.java:68)
at org.openqa.selenium.support.pagefactory.internal.LocatingElementHandler.invoke(LocatingElementHandler.java:38)
at jdk.proxy2/jdk.proxy2.$Proxy10.sendKeys(Unknown Source)
at pagePackage.LoginPage.invalidLoginMethod(LoginPage.java:59)
at testPackage.InvalidLoginTestCase.invalidLoginTC(InvalidLoginTestCase.java:20)
... Removed 25 stack frames]]>
    </failure>
  </testcase> <!-- invalidLoginTC -->
  <testcase classname="testPackage.ValidloginTestCase" name="loginTestCase" time="0.003">
    <failure type="java.lang.NullPointerException" message="Cannot invoke &amp;quot;org.openqa.selenium.SearchContext.findElement(org.openqa.selenium.By)&amp;quot; because &amp;quot;this.searchContext&amp;quot; is null">
      <![CDATA[java.lang.NullPointerException: Cannot invoke "org.openqa.selenium.SearchContext.findElement(org.openqa.selenium.By)" because "this.searchContext" is null
at org.openqa.selenium.support.pagefactory.DefaultElementLocator.findElement(DefaultElementLocator.java:68)
at org.openqa.selenium.support.pagefactory.internal.LocatingElementHandler.invoke(LocatingElementHandler.java:38)
at jdk.proxy2/jdk.proxy2.$Proxy10.sendKeys(Unknown Source)
at pagePackage.LoginPage.validLoginMethod(LoginPage.java:50)
at testPackage.ValidloginTestCase.loginTestCase(ValidloginTestCase.java:17)
... Removed 25 stack frames]]>
    </failure>
  </testcase> <!-- loginTestCase -->
  <testcase classname="testPackage.CreateUserManager" name="createUserManagerTC" time="0.001">
    <failure type="java.lang.NullPointerException" message="Cannot invoke &amp;quot;org.openqa.selenium.SearchContext.findElement(org.openqa.selenium.By)&amp;quot; because &amp;quot;this.searchContext&amp;quot; is null">
      <![CDATA[java.lang.NullPointerException: Cannot invoke "org.openqa.selenium.SearchContext.findElement(org.openqa.selenium.By)" because "this.searchContext" is null
at org.openqa.selenium.support.pagefactory.DefaultElementLocator.findElement(DefaultElementLocator.java:68)
at org.openqa.selenium.support.pagefactory.internal.LocatingElementHandler.invoke(LocatingElementHandler.java:38)
at jdk.proxy2/jdk.proxy2.$Proxy10.sendKeys(Unknown Source)
at pagePackage.LoginPage.validLoginMethod(LoginPage.java:50)
at testPackage.CreateUserManager.createUserManagerTC(CreateUserManager.java:21)
... Removed 25 stack frames]]>
    </failure>
  </testcase> <!-- createUserManagerTC -->
  <testcase classname="testPackage.CreateProjectAndCustomer" name="createNewProjectManagerTC" time="0.002">
    <failure type="java.lang.NullPointerException" message="Cannot invoke &amp;quot;org.openqa.selenium.SearchContext.findElement(org.openqa.selenium.By)&amp;quot; because &amp;quot;this.searchContext&amp;quot; is null">
      <![CDATA[java.lang.NullPointerException: Cannot invoke "org.openqa.selenium.SearchContext.findElement(org.openqa.selenium.By)" because "this.searchContext" is null
at org.openqa.selenium.support.pagefactory.DefaultElementLocator.findElement(DefaultElementLocator.java:68)
at org.openqa.selenium.support.pagefactory.internal.LocatingElementHandler.invoke(LocatingElementHandler.java:38)
at jdk.proxy2/jdk.proxy2.$Proxy10.sendKeys(Unknown Source)
at pagePackage.LoginPage.validLoginMethod(LoginPage.java:50)
at testPackage.CreateProjectAndCustomer.createNewProjectManagerTC(CreateProjectAndCustomer.java:22)
... Removed 25 stack frames]]>
    </failure>
  </testcase> <!-- createNewProjectManagerTC -->
</testsuite> <!-- Test -->
